<?xml version="1.0" encoding="UTF-8"?>
<testng-results skipped="0" failed="0" ignored="0" total="1" passed="1">
  <reporter-output>
  </reporter-output>
  <suite name="Default suite" duration-ms="84078" started-at="2018-12-15T08:34:08Z" finished-at="2018-12-15T08:35:32Z">
    <groups>
    </groups>
    <test name="Default test" duration-ms="84078" started-at="2018-12-15T08:34:08Z" finished-at="2018-12-15T08:35:32Z">
      <class name="testScripts.Login">
        <test-method status="PASS" signature="login()[pri:0, instance:testScripts.Login@8bd1b6a]" name="login" duration-ms="84055" started-at="2018-12-15T08:34:08Z" finished-at="2018-12-15T08:35:32Z">
          <reporter-output>
          </reporter-output>
        </test-method> <!-- login -->
      </class> <!-- testScripts.Login -->
    </test> <!-- Default test -->
  </suite> <!-- Default suite -->
</testng-results>
