<?xml version="1.0" encoding="UTF-8"?>
<testng-results skipped="0" failed="0" total="1" passed="1">
  <reporter-output>
    <line>
      <![CDATA[Login is successfull]]>
    </line>
  </reporter-output>
  <suite name="Default suite" duration-ms="14444" started-at="2018-03-27T11:44:31Z" finished-at="2018-03-27T11:44:46Z">
    <groups>
    </groups>
    <test name="Default test" duration-ms="14444" started-at="2018-03-27T11:44:31Z" finished-at="2018-03-27T11:44:46Z">
      <class name="testScripts.Login">
        <test-method status="PASS" signature="lauchBrowser()[pri:0, instance:testScripts.Login@3532ec19]" name="lauchBrowser" is-config="true" duration-ms="6495" started-at="2018-03-27T17:14:31Z" finished-at="2018-03-27T17:14:38Z">
          <reporter-output>
          </reporter-output>
        </test-method> <!-- lauchBrowser -->
        <test-method status="PASS" signature="loginTest()[pri:0, instance:testScripts.Login@3532ec19]" name="loginTest" duration-ms="7883" started-at="2018-03-27T17:14:38Z" finished-at="2018-03-27T17:14:46Z">
          <reporter-output>
            <line>
              <![CDATA[Login is successfull]]>
            </line>
          </reporter-output>
        </test-method> <!-- loginTest -->
        <test-method status="PASS" signature="terminateBrowser()[pri:0, instance:testScripts.Login@3532ec19]" name="terminateBrowser" is-config="true" duration-ms="44" started-at="2018-03-27T17:14:46Z" finished-at="2018-03-27T17:14:46Z">
          <reporter-output>
          </reporter-output>
        </test-method> <!-- terminateBrowser -->
      </class> <!-- testScripts.Login -->
    </test> <!-- Default test -->
  </suite> <!-- Default suite -->
</testng-results>
